Arguments: 
  /usr/local/Cellar/node/9.8.0/bin/node /usr/local/Cellar/yarn/1.5.1_1/libexec/bin/yarn.js build

PATH: 
  /Library/Frameworks/Python.framework/Versions/3.6/bin:/usr/local/bin:/usr/bin:/bin:/usr/sbin:/sbin:/usr/local/go/bin:/usr/local/mysql/bin:/Users/anitnilay/Library/Android/sdk/tools:/Users/anitnilay/Library/Android/sdk/platform-tools:/Users/anitnilay/gocode/bin

Yarn version: 
  1.5.1

Node version: 
  9.8.0

Platform: 
  darwin x64

npm manifest: 
  {
    "name": "requestapijs",
    "version": "0.9.0",
    "title": "Request Api.Js",
    "description": "Access json api with ease",
    "main": "index.js",
    "typings": "index.d.ts",
    "scripts": {
      "build": "tsc -d"
    },
    "keywords": [
      "api",
      "request"
    ],
    "repository": {
      "type": "git",
      "url": "https://github.com/ant-design/ant-design"
    },
    "author": "anit.nilay20@gmail.com",
    "license": "MIT",
    "dependencies": {
      "typescript": "^2.9.2"
    }
  }

yarn manifest: 
  No manifest

Lockfile: 
  # THIS IS AN AUTOGENERATED FILE. DO NOT EDIT THIS FILE DIRECTLY.
  # yarn lockfile v1
  
  
  typescript@^2.9.2:
    version "2.9.2"
    resolved "https://registry.yarnpkg.com/typescript/-/typescript-2.9.2.tgz#1cbf61d05d6b96269244eb6a3bce4bd914e0f00c"

Trace: 
  Error: Command failed.
  Exit code: 2
  Command: sh
  Arguments: -c tsc -d
  Directory: /Users/anitnilay/Documents/RequestApiJs
  Output:
  
      at ProcessTermError.MessageError (/usr/local/Cellar/yarn/1.5.1_1/libexec/lib/cli.js:186:110)
      at new ProcessTermError (/usr/local/Cellar/yarn/1.5.1_1/libexec/lib/cli.js:226:113)
      at ChildProcess.<anonymous> (/usr/local/Cellar/yarn/1.5.1_1/libexec/lib/cli.js:30281:17)
      at ChildProcess.emit (events.js:180:13)
      at maybeClose (internal/child_process.js:936:16)
      at Process.ChildProcess._handle.onexit (internal/child_process.js:220:5)
